<?xml version="1.0" encoding="UTF-8"?>
<testng-results skipped="0" failed="0" ignored="0" total="2" passed="2">
  <reporter-output>
  </reporter-output>
  <suite name="Suite" duration-ms="50263" started-at="2018-03-23T19:36:39Z" finished-at="2018-03-23T19:37:30Z">
    <groups>
    </groups>
    <test name="Test" duration-ms="50263" started-at="2018-03-23T19:36:39Z" finished-at="2018-03-23T19:37:30Z">
      <class name="com.testing.LoginTest">
        <test-method status="PASS" signature="beforeTest()[pri:0, instance:com.testing.LoginTest@173f73e7]" name="beforeTest" is-config="true" duration-ms="17745" started-at="2018-03-23T19:36:39Z" finished-at="2018-03-23T19:36:57Z">
          <reporter-output>
          </reporter-output>
        </test-method> <!-- beforeTest -->
        <test-method status="PASS" signature="verifylLoginWithInvalidEmail()[pri:0, instance:com.testing.LoginTest@173f73e7]" name="verifylLoginWithInvalidEmail" duration-ms="5485" started-at="2018-03-23T19:36:57Z" finished-at="2018-03-23T19:37:03Z">
          <reporter-output>
          </reporter-output>
        </test-method> <!-- verifylLoginWithInvalidEmail -->
        <test-method status="PASS" signature="afterTest()[pri:0, instance:com.testing.LoginTest@173f73e7]" name="afterTest" is-config="true" duration-ms="812" started-at="2018-03-23T19:37:03Z" finished-at="2018-03-23T19:37:04Z">
          <reporter-output>
          </reporter-output>
        </test-method> <!-- afterTest -->
        <test-method status="PASS" signature="beforeTest()[pri:0, instance:com.testing.LoginTest@173f73e7]" name="beforeTest" is-config="true" duration-ms="15686" started-at="2018-03-23T19:37:04Z" finished-at="2018-03-23T19:37:19Z">
          <reporter-output>
          </reporter-output>
        </test-method> <!-- beforeTest -->
        <test-method status="PASS" signature="verifylLoginWithInvalidPassword()[pri:0, instance:com.testing.LoginTest@173f73e7]" name="verifylLoginWithInvalidPassword" duration-ms="9862" started-at="2018-03-23T19:37:19Z" finished-at="2018-03-23T19:37:29Z">
          <reporter-output>
          </reporter-output>
        </test-method> <!-- verifylLoginWithInvalidPassword -->
        <test-method status="PASS" signature="afterTest()[pri:0, instance:com.testing.LoginTest@173f73e7]" name="afterTest" is-config="true" duration-ms="362" started-at="2018-03-23T19:37:29Z" finished-at="2018-03-23T19:37:30Z">
          <reporter-output>
          </reporter-output>
        </test-method> <!-- afterTest -->
      </class> <!-- com.testing.LoginTest -->
    </test> <!-- Test -->
  </suite> <!-- Suite -->
</testng-results>
